<?xml version="1.0" encoding="UTF-8"?>
<testsuite xmlns:xsi="http://www.w3.org/2001/XMLSchema-instance" xsi:noNamespaceSchemaLocation="https://maven.apache.org/surefire/maven-surefire-plugin/xsd/surefire-test-report-3.0.xsd" version="3.0" name="com.acme.AppTest" time="0.07" tests="1" errors="0" skipped="0" failures="0">
  <properties>
    <property name="gopherProxySet" value="false"/>
    <property name="awt.toolkit" value="sun.lwawt.macosx.LWCToolkit"/>
    <property name="file.encoding.pkg" value="sun.io"/>
    <property name="java.specification.version" value="1.8"/>
    <property name="sun.cpu.isalist" value=""/>
    <property name="sun.jnu.encoding" value="UTF-8"/>
    <property name="java.class.path" value="/Users/albert/sandbox/OnehouseCustomTransformations/demo/target/test-classes:/Users/albert/sandbox/OnehouseCustomTransformations/demo/target/classes:/Users/albert/.m2/repository/org/apache/hudi/hudi-utilities_2.12/0.12.2/hudi-utilities_2.12-0.12.2.jar:/Users/albert/.m2/repository/org/apache/hudi/hudi-spark_2.11/0.12.2/hudi-spark_2.11-0.12.2.jar:/Users/albert/.m2/repository/org/apache/hudi/hudi-spark-client/0.12.2/hudi-spark-client-0.12.2.jar:/Users/albert/.m2/repository/org/scala-lang/modules/scala-collection-compat_2.11/2.8.1/scala-collection-compat_2.11-2.8.1.jar:/Users/albert/.m2/repository/org/apache/hudi/hudi-spark2_2.11/0.12.2/hudi-spark2_2.11-0.12.2.jar:/Users/albert/.m2/repository/org/apache/hudi/hudi-spark-common_2.11/0.12.2/hudi-spark-common_2.11-0.12.2.jar:/Users/albert/.m2/repository/org/apache/hudi/hudi-client-common/0.12.2/hudi-client-common-0.12.2.jar:/Users/albert/.m2/repository/org/apache/hudi/hudi-timeline-service/0.12.2/hudi-timeline-service-0.12.2.jar:/Users/albert/.m2/repository/io/javalin/javalin/4.6.7/javalin-4.6.7.jar:/Users/albert/.m2/repository/org/eclipse/jetty/jetty-server/9.4.48.v20220622/jetty-server-9.4.48.v20220622.jar:/Users/albert/.m2/repository/org/eclipse/jetty/jetty-http/9.4.48.v20220622/jetty-http-9.4.48.v20220622.jar:/Users/albert/.m2/repository/org/eclipse/jetty/jetty-util/9.4.48.v20220622/jetty-util-9.4.48.v20220622.jar:/Users/albert/.m2/repository/org/eclipse/jetty/jetty-io/9.4.48.v20220622/jetty-io-9.4.48.v20220622.jar:/Users/albert/.m2/repository/org/eclipse/jetty/jetty-webapp/9.4.48.v20220622/jetty-webapp-9.4.48.v20220622.jar:/Users/albert/.m2/repository/org/eclipse/jetty/jetty-xml/9.4.48.v20220622/jetty-xml-9.4.48.v20220622.jar:/Users/albert/.m2/repository/org/eclipse/jetty/jetty-servlet/9.4.48.v20220622/jetty-servlet-9.4.48.v20220622.jar:/Users/albert/.m2/repository/org/eclipse/jetty/jetty-security/9.4.48.v20220622/jetty-security-9.4.48.v20220622.jar:/Users/albert/.m2/repository/org/eclipse/jetty/jetty-util-ajax/9.4.48.v20220622/jetty-util-ajax-9.4.48.v20220622.jar:/Users/albert/.m2/repository/org/eclipse/jetty/websocket/websocket-server/9.4.48.v20220622/websocket-server-9.4.48.v20220622.jar:/Users/albert/.m2/repository/org/eclipse/jetty/websocket/websocket-common/9.4.48.v20220622/websocket-common-9.4.48.v20220622.jar:/Users/albert/.m2/repository/org/eclipse/jetty/websocket/websocket-api/9.4.48.v20220622/websocket-api-9.4.48.v20220622.jar:/Users/albert/.m2/repository/org/eclipse/jetty/websocket/websocket-client/9.4.48.v20220622/websocket-client-9.4.48.v20220622.jar:/Users/albert/.m2/repository/org/eclipse/jetty/jetty-client/9.4.48.v20220622/jetty-client-9.4.48.v20220622.jar:/Users/albert/.m2/repository/org/eclipse/jetty/websocket/websocket-servlet/9.4.48.v20220622/websocket-servlet-9.4.48.v20220622.jar:/Users/albert/.m2/repository/org/jetbrains/kotlin/kotlin-stdlib-jdk8/1.5.32/kotlin-stdlib-jdk8-1.5.32.jar:/Users/albert/.m2/repository/org/jetbrains/kotlin/kotlin-stdlib/1.5.32/kotlin-stdlib-1.5.32.jar:/Users/albert/.m2/repository/org/jetbrains/kotlin/kotlin-stdlib-common/1.5.32/kotlin-stdlib-common-1.5.32.jar:/Users/albert/.m2/repository/org/jetbrains/kotlin/kotlin-stdlib-jdk7/1.5.32/kotlin-stdlib-jdk7-1.5.32.jar:/Users/albert/.m2/repository/joda-time/joda-time/2.9.9/joda-time-2.9.9.jar:/Users/albert/.m2/repository/com/github/davidmoten/hilbert-curve/0.2.2/hilbert-curve-0.2.2.jar:/Users/albert/.m2/repository/com/github/davidmoten/guava-mini/0.1.3/guava-mini-0.1.3.jar:/Users/albert/.m2/repository/io/prometheus/simpleclient/0.8.0/simpleclient-0.8.0.jar:/Users/albert/.m2/repository/io/prometheus/simpleclient_httpserver/0.8.0/simpleclient_httpserver-0.8.0.jar:/Users/albert/.m2/repository/io/prometheus/simpleclient_common/0.8.0/simpleclient_common-0.8.0.jar:/Users/albert/.m2/repository/io/prometheus/simpleclient_dropwizard/0.8.0/simpleclient_dropwizard-0.8.0.jar:/Users/albert/.m2/repository/io/prometheus/simpleclient_pushgateway/0.8.0/simpleclient_pushgateway-0.8.0.jar:/Users/albert/.m2/repository/org/apache/hudi/hudi-hadoop-mr/0.12.2/hudi-hadoop-mr-0.12.2.jar:/Users/albert/.m2/repository/org/apache/hudi/hudi-sync-common/0.12.2/hudi-sync-common-0.12.2.jar:/Users/albert/.m2/repository/com/fasterxml/jackson/core/jackson-annotations/2.6.7/jackson-annotations-2.6.7.jar:/Users/albert/.m2/repository/org/apache/curator/curator-framework/2.7.1/curator-framework-2.7.1.jar:/Users/albert/.m2/repository/com/google/guava/guava/16.0.1/guava-16.0.1.jar:/Users/albert/.m2/repository/org/apache/curator/curator-client/2.7.1/curator-client-2.7.1.jar:/Users/albert/.m2/repository/org/apache/curator/curator-recipes/2.7.1/curator-recipes-2.7.1.jar:/Users/albert/.m2/repository/org/apache/hudi/hudi-common/0.12.2/hudi-common-0.12.2.jar:/Users/albert/.m2/repository/org/openjdk/jol/jol-core/0.16/jol-core-0.16.jar:/Users/albert/.m2/repository/com/github/ben-manes/caffeine/caffeine/2.9.1/caffeine-2.9.1.jar:/Users/albert/.m2/repository/org/checkerframework/checker-qual/3.10.0/checker-qual-3.10.0.jar:/Users/albert/.m2/repository/com/google/errorprone/error_prone_annotations/2.5.1/error_prone_annotations-2.5.1.jar:/Users/albert/.m2/repository/org/apache/orc/orc-core/1.6.0/orc-core-1.6.0-nohive.jar:/Users/albert/.m2/repository/commons-lang/commons-lang/2.6/commons-lang-2.6.jar:/Users/albert/.m2/repository/org/apache/httpcomponents/fluent-hc/4.4.1/fluent-hc-4.4.1.jar:/Users/albert/.m2/repository/commons-logging/commons-logging/1.2/commons-logging-1.2.jar:/Users/albert/.m2/repository/org/apache/httpcomponents/httpclient/4.4.1/httpclient-4.4.1.jar:/Users/albert/.m2/repository/com/esotericsoftware/kryo-shaded/4.0.2/kryo-shaded-4.0.2.jar:/Users/albert/.m2/repository/com/esotericsoftware/minlog/1.3.0/minlog-1.3.0.jar:/Users/albert/.m2/repository/org/objenesis/objenesis/2.5.1/objenesis-2.5.1.jar:/Users/albert/.m2/repository/org/apache/hbase/hbase-client/2.4.9/hbase-client-2.4.9.jar:/Users/albert/.m2/repository/org/apache/hbase/thirdparty/hbase-shaded-protobuf/3.5.1/hbase-shaded-protobuf-3.5.1.jar:/Users/albert/.m2/repository/org/apache/hbase/hbase-common/2.4.9/hbase-common-2.4.9.jar:/Users/albert/.m2/repository/org/apache/hbase/hbase-logging/2.4.9/hbase-logging-2.4.9.jar:/Users/albert/.m2/repository/org/apache/hbase/thirdparty/hbase-shaded-gson/3.5.1/hbase-shaded-gson-3.5.1.jar:/Users/albert/.m2/repository/org/apache/hbase/hbase-hadoop-compat/2.4.9/hbase-hadoop-compat-2.4.9.jar:/Users/albert/.m2/repository/org/apache/hbase/hbase-hadoop2-compat/2.4.9/hbase-hadoop2-compat-2.4.9.jar:/Users/albert/.m2/repository/javax/activation/javax.activation-api/1.2.0/javax.activation-api-1.2.0.jar:/Users/albert/.m2/repository/org/apache/hbase/hbase-protocol-shaded/2.4.9/hbase-protocol-shaded-2.4.9.jar:/Users/albert/.m2/repository/org/apache/hbase/hbase-protocol/2.4.9/hbase-protocol-2.4.9.jar:/Users/albert/.m2/repository/org/apache/hbase/thirdparty/hbase-shaded-miscellaneous/3.5.1/hbase-shaded-miscellaneous-3.5.1.jar:/Users/albert/.m2/repository/org/apache/hbase/thirdparty/hbase-shaded-netty/3.5.1/hbase-shaded-netty-3.5.1.jar:/Users/albert/.m2/repository/org/apache/htrace/htrace-core4/4.2.0-incubating/htrace-core4-4.2.0-incubating.jar:/Users/albert/.m2/repository/org/jruby/jcodings/jcodings/1.0.55/jcodings-1.0.55.jar:/Users/albert/.m2/repository/org/jruby/joni/joni/2.1.31/joni-2.1.31.jar:/Users/albert/.m2/repository/org/apache/hadoop/hadoop-auth/2.10.0/hadoop-auth-2.10.0.jar:/Users/albert/.m2/repository/com/nimbusds/nimbus-jose-jwt/4.41.1/nimbus-jose-jwt-4.41.1.jar:/Users/albert/.m2/repository/com/github/stephenc/jcip/jcip-annotations/1.0-1/jcip-annotations-1.0-1.jar:/Users/albert/.m2/repository/org/apache/directory/server/apacheds-kerberos-codec/2.0.0-M15/apacheds-kerberos-codec-2.0.0-M15.jar:/Users/albert/.m2/repository/org/apache/directory/server/apacheds-i18n/2.0.0-M15/apacheds-i18n-2.0.0-M15.jar:/Users/albert/.m2/repository/org/apache/directory/api/api-asn1-api/1.0.0-M20/api-asn1-api-1.0.0-M20.jar:/Users/albert/.m2/repository/org/apache/directory/api/api-util/1.0.0-M20/api-util-1.0.0-M20.jar:/Users/albert/.m2/repository/org/apache/hadoop/hadoop-common/2.10.0/hadoop-common-2.10.0.jar:/Users/albert/.m2/repository/commons-cli/commons-cli/1.2/commons-cli-1.2.jar:/Users/albert/.m2/repository/xmlenc/xmlenc/0.52/xmlenc-0.52.jar:/Users/albert/.m2/repository/org/mortbay/jetty/jetty-sslengine/6.1.26/jetty-sslengine-6.1.26.jar:/Users/albert/.m2/repository/commons-configuration/commons-configuration/1.6/commons-configuration-1.6.jar:/Users/albert/.m2/repository/commons-digester/commons-digester/1.8/commons-digester-1.8.jar:/Users/albert/.m2/repository/commons-beanutils/commons-beanutils/1.9.4/commons-beanutils-1.9.4.jar:/Users/albert/.m2/repository/com/google/code/gson/gson/2.2.4/gson-2.2.4.jar:/Users/albert/.m2/repository/com/jcraft/jsch/0.1.54/jsch-0.1.54.jar:/Users/albert/.m2/repository/org/codehaus/woodstox/stax2-api/3.1.4/stax2-api-3.1.4.jar:/Users/albert/.m2/repository/com/fasterxml/woodstox/woodstox-core/5.0.3/woodstox-core-5.0.3.jar:/Users/albert/.m2/repository/org/apache/yetus/audience-annotations/0.5.0/audience-annotations-0.5.0.jar:/Users/albert/.m2/repository/org/apache/hbase/hbase-server/2.4.9/hbase-server-2.4.9.jar:/Users/albert/.m2/repository/org/apache/hbase/hbase-http/2.4.9/hbase-http-2.4.9.jar:/Users/albert/.m2/repository/org/apache/hbase/thirdparty/hbase-shaded-jetty/3.5.1/hbase-shaded-jetty-3.5.1.jar:/Users/albert/.m2/repository/org/apache/hbase/thirdparty/hbase-shaded-jersey/3.5.1/hbase-shaded-jersey-3.5.1.jar:/Users/albert/.m2/repository/org/apache/hbase/hbase-procedure/2.4.9/hbase-procedure-2.4.9.jar:/Users/albert/.m2/repository/org/apache/hbase/hbase-zookeeper/2.4.9/hbase-zookeeper-2.4.9.jar:/Users/albert/.m2/repository/org/apache/hbase/hbase-replication/2.4.9/hbase-replication-2.4.9.jar:/Users/albert/.m2/repository/org/apache/hbase/hbase-metrics-api/2.4.9/hbase-metrics-api-2.4.9.jar:/Users/albert/.m2/repository/org/apache/hbase/hbase-metrics/2.4.9/hbase-metrics-2.4.9.jar:/Users/albert/.m2/repository/org/apache/hbase/hbase-asyncfs/2.4.9/hbase-asyncfs-2.4.9.jar:/Users/albert/.m2/repository/org/glassfish/web/javax.servlet.jsp/2.3.2/javax.servlet.jsp-2.3.2.jar:/Users/albert/.m2/repository/org/glassfish/javax.el/3.0.1-b12/javax.el-3.0.1-b12.jar:/Users/albert/.m2/repository/javax/servlet/jsp/javax.servlet.jsp-api/2.3.1/javax.servlet.jsp-api-2.3.1.jar:/Users/albert/.m2/repository/org/jamon/jamon-runtime/2.4.1/jamon-runtime-2.4.1.jar:/Users/albert/.m2/repository/com/lmax/disruptor/3.4.2/disruptor-3.4.2.jar:/Users/albert/.m2/repository/org/apache/hadoop/hadoop-distcp/2.10.0/hadoop-distcp-2.10.0.jar:/Users/albert/.m2/repository/org/apache/hadoop/hadoop-annotations/2.10.0/hadoop-annotations-2.10.0.jar:/Library/Java/JavaVirtualMachines/temurin-8.jdk/Contents/Home/jre/../lib/tools.jar:/Users/albert/.m2/repository/org/apache/hadoop/hadoop-mapreduce-client-core/2.10.0/hadoop-mapreduce-client-core-2.10.0.jar:/Users/albert/.m2/repository/org/apache/hadoop/hadoop-yarn-client/2.10.0/hadoop-yarn-client-2.10.0.jar:/Users/albert/.m2/repository/org/apache/hadoop/hadoop-yarn-common/2.10.0/hadoop-yarn-common-2.10.0.jar:/Users/albert/.m2/repository/com/sun/jersey/jersey-core/1.9/jersey-core-1.9.jar:/Users/albert/.m2/repository/com/sun/jersey/jersey-client/1.9/jersey-client-1.9.jar:/Users/albert/.m2/repository/com/google/inject/guice/3.0/guice-3.0.jar:/Users/albert/.m2/repository/javax/inject/javax.inject/1/javax.inject-1.jar:/Users/albert/.m2/repository/aopalliance/aopalliance/1.0/aopalliance-1.0.jar:/Users/albert/.m2/repository/com/sun/jersey/jersey-json/1.9/jersey-json-1.9.jar:/Users/albert/.m2/repository/org/codehaus/jettison/jettison/1.1/jettison-1.1.jar:/Users/albert/.m2/repository/com/sun/xml/bind/jaxb-impl/2.2.3-1/jaxb-impl-2.2.3-1.jar:/Users/albert/.m2/repository/com/sun/jersey/contribs/jersey-guice/1.9/jersey-guice-1.9.jar:/Users/albert/.m2/repository/com/google/inject/extensions/guice-servlet/3.0/guice-servlet-3.0.jar:/Users/albert/.m2/repository/org/apache/hadoop/hadoop-hdfs/2.10.0/hadoop-hdfs-2.10.0.jar:/Users/albert/.m2/repository/org/apache/hadoop/hadoop-hdfs-client/2.10.0/hadoop-hdfs-client-2.10.0.jar:/Users/albert/.m2/repository/com/squareup/okhttp/okhttp/2.7.5/okhttp-2.7.5.jar:/Users/albert/.m2/repository/com/squareup/okio/okio/1.6.0/okio-1.6.0.jar:/Users/albert/.m2/repository/com/sun/jersey/jersey-server/1.9/jersey-server-1.9.jar:/Users/albert/.m2/repository/asm/asm/3.1/asm-3.1.jar:/Users/albert/.m2/repository/commons-daemon/commons-daemon/1.0.13/commons-daemon-1.0.13.jar:/Users/albert/.m2/repository/org/lz4/lz4-java/1.8.0/lz4-java-1.8.0.jar:/Users/albert/.m2/repository/org/apache/hudi/hudi-hive-sync/0.12.2/hudi-hive-sync-0.12.2.jar:/Users/albert/.m2/repository/org/apache/kafka/kafka-clients/2.0.0/kafka-clients-2.0.0.jar:/Users/albert/.m2/repository/org/xerial/snappy/snappy-java/1.1.7.1/snappy-java-1.1.7.1.jar:/Users/albert/.m2/repository/org/slf4j/slf4j-api/1.7.25/slf4j-api-1.7.25.jar:/Users/albert/.m2/repository/org/apache/pulsar/pulsar-client/2.8.1/pulsar-client-2.8.1.jar:/Users/albert/.m2/repository/org/apache/pulsar/pulsar-client-api/2.8.1/pulsar-client-api-2.8.1.jar:/Users/albert/.m2/repository/org/apache/pulsar/pulsar-client-admin-api/2.8.1/pulsar-client-admin-api-2.8.1.jar:/Users/albert/.m2/repository/javax/ws/rs/javax.ws.rs-api/2.1/javax.ws.rs-api-2.1.jar:/Users/albert/.m2/repository/org/apache/pulsar/bouncy-castle-bc/2.8.1/bouncy-castle-bc-2.8.1-pkg.jar:/Users/albert/.m2/repository/org/bouncycastle/bcpkix-jdk15on/1.69/bcpkix-jdk15on-1.69.jar:/Users/albert/.m2/repository/org/bouncycastle/bcprov-jdk15on/1.69/bcprov-jdk15on-1.69.jar:/Users/albert/.m2/repository/org/bouncycastle/bcutil-jdk15on/1.69/bcutil-jdk15on-1.69.jar:/Users/albert/.m2/repository/org/bouncycastle/bcprov-ext-jdk15on/1.69/bcprov-ext-jdk15on-1.69.jar:/Users/albert/.m2/repository/com/sun/activation/javax.activation/1.2.0/javax.activation-1.2.0.jar:/Users/albert/.m2/repository/javax/validation/validation-api/1.1.0.Final/validation-api-1.1.0.Final.jar:/Users/albert/.m2/repository/net/jcip/jcip-annotations/1.0/jcip-annotations-1.0.jar:/Users/albert/.m2/repository/com/fasterxml/jackson/module/jackson-module-scala_2.11/2.6.7.1/jackson-module-scala_2.11-2.6.7.1.jar:/Users/albert/.m2/repository/org/scala-lang/scala-library/2.11.8/scala-library-2.11.8.jar:/Users/albert/.m2/repository/org/scala-lang/scala-reflect/2.11.8/scala-reflect-2.11.8.jar:/Users/albert/.m2/repository/com/fasterxml/jackson/core/jackson-core/2.6.7/jackson-core-2.6.7.jar:/Users/albert/.m2/repository/com/fasterxml/jackson/module/jackson-module-paranamer/2.7.9/jackson-module-paranamer-2.7.9.jar:/Users/albert/.m2/repository/com/thoughtworks/paranamer/paranamer/2.8/paranamer-2.8.jar:/Users/albert/.m2/repository/com/fasterxml/jackson/dataformat/jackson-dataformat-csv/2.6.7/jackson-dataformat-csv-2.6.7.jar:/Users/albert/.m2/repository/org/apache/spark/spark-streaming_2.11/2.4.4/spark-streaming_2.11-2.4.4.jar:/Users/albert/.m2/repository/org/apache/spark/spark-core_2.11/2.4.4/spark-core_2.11-2.4.4.jar:/Users/albert/.m2/repository/org/apache/avro/avro-mapred/1.8.2/avro-mapred-1.8.2-hadoop2.jar:/Users/albert/.m2/repository/com/twitter/chill_2.11/0.9.3/chill_2.11-0.9.3.jar:/Users/albert/.m2/repository/org/apache/xbean/xbean-asm6-shaded/4.8/xbean-asm6-shaded-4.8.jar:/Users/albert/.m2/repository/org/apache/hadoop/hadoop-client/2.6.5/hadoop-client-2.6.5.jar:/Users/albert/.m2/repository/org/apache/hadoop/hadoop-mapreduce-client-app/2.6.5/hadoop-mapreduce-client-app-2.6.5.jar:/Users/albert/.m2/repository/org/apache/hadoop/hadoop-mapreduce-client-common/2.6.5/hadoop-mapreduce-client-common-2.6.5.jar:/Users/albert/.m2/repository/org/apache/hadoop/hadoop-yarn-server-common/2.6.5/hadoop-yarn-server-common-2.6.5.jar:/Users/albert/.m2/repository/org/apache/hadoop/hadoop-mapreduce-client-shuffle/2.6.5/hadoop-mapreduce-client-shuffle-2.6.5.jar:/Users/albert/.m2/repository/org/apache/hadoop/hadoop-yarn-api/2.6.5/hadoop-yarn-api-2.6.5.jar:/Users/albert/.m2/repository/org/apache/hadoop/hadoop-mapreduce-client-jobclient/2.6.5/hadoop-mapreduce-client-jobclient-2.6.5.jar:/Users/albert/.m2/repository/org/apache/spark/spark-launcher_2.11/2.4.4/spark-launcher_2.11-2.4.4.jar:/Users/albert/.m2/repository/org/apache/spark/spark-kvstore_2.11/2.4.4/spark-kvstore_2.11-2.4.4.jar:/Users/albert/.m2/repository/org/apache/spark/spark-network-common_2.11/2.4.4/spark-network-common_2.11-2.4.4.jar:/Users/albert/.m2/repository/org/apache/spark/spark-network-shuffle_2.11/2.4.4/spark-network-shuffle_2.11-2.4.4.jar:/Users/albert/.m2/repository/org/apache/spark/spark-unsafe_2.11/2.4.4/spark-unsafe_2.11-2.4.4.jar:/Users/albert/.m2/repository/javax/servlet/javax.servlet-api/3.1.0/javax.servlet-api-3.1.0.jar:/Users/albert/.m2/repository/org/json4s/json4s-jackson_2.11/3.5.3/json4s-jackson_2.11-3.5.3.jar:/Users/albert/.m2/repository/org/json4s/json4s-core_2.11/3.5.3/json4s-core_2.11-3.5.3.jar:/Users/albert/.m2/repository/org/json4s/json4s-ast_2.11/3.5.3/json4s-ast_2.11-3.5.3.jar:/Users/albert/.m2/repository/org/json4s/json4s-scalap_2.11/3.5.3/json4s-scalap_2.11-3.5.3.jar:/Users/albert/.m2/repository/org/scala-lang/modules/scala-xml_2.11/1.0.6/scala-xml_2.11-1.0.6.jar:/Users/albert/.m2/repository/io/netty/netty/3.9.9.Final/netty-3.9.9.Final.jar:/Users/albert/.m2/repository/org/apache/spark/spark-tags_2.11/2.4.4/spark-tags_2.11-2.4.4.jar:/Users/albert/.m2/repository/org/apache/spark/spark-streaming-kafka-0-10_2.11/2.4.4/spark-streaming-kafka-0-10_2.11-2.4.4.jar:/Users/albert/.m2/repository/org/apache/spark/spark-streaming-kafka-0-10_2.11/2.4.4/spark-streaming-kafka-0-10_2.11-2.4.4-tests.jar:/Users/albert/.m2/repository/io/dropwizard/metrics/metrics-core/4.1.1/metrics-core-4.1.1.jar:/Users/albert/.m2/repository/org/antlr/stringtemplate/4.0.2/stringtemplate-4.0.2.jar:/Users/albert/.m2/repository/com/beust/jcommander/1.78/jcommander-1.78.jar:/Users/albert/.m2/repository/com/twitter/bijection-avro_2.11/0.9.7/bijection-avro_2.11-0.9.7.jar:/Users/albert/.m2/repository/com/twitter/bijection-core_2.11/0.9.7/bijection-core_2.11-0.9.7.jar:/Users/albert/.m2/repository/org/apache/avro/avro/1.7.7/avro-1.7.7.jar:/Users/albert/.m2/repository/org/codehaus/jackson/jackson-core-asl/1.9.13/jackson-core-asl-1.9.13.jar:/Users/albert/.m2/repository/org/codehaus/jackson/jackson-mapper-asl/1.9.13/jackson-mapper-asl-1.9.13.jar:/Users/albert/.m2/repository/org/apache/commons/commons-compress/1.4.1/commons-compress-1.4.1.jar:/Users/albert/.m2/repository/org/tukaani/xz/1.0/xz-1.0.jar:/Users/albert/.m2/repository/io/confluent/kafka-avro-serializer/5.3.4/kafka-avro-serializer-5.3.4.jar:/Users/albert/.m2/repository/io/confluent/common-config/5.3.4/common-config-5.3.4.jar:/Users/albert/.m2/repository/io/confluent/common-utils/5.3.4/common-utils-5.3.4.jar:/Users/albert/.m2/repository/org/apache/zookeeper/zookeeper/3.4.14/zookeeper-3.4.14.jar:/Users/albert/.m2/repository/com/github/spotbugs/spotbugs-annotations/3.1.9/spotbugs-annotations-3.1.9.jar:/Users/albert/.m2/repository/jline/jline/0.9.94/jline-0.9.94.jar:/Users/albert/.m2/repository/com/101tec/zkclient/0.10/zkclient-0.10.jar:/Users/albert/.m2/repository/io/confluent/kafka-schema-registry-client/5.3.4/kafka-schema-registry-client-5.3.4.jar:/Users/albert/.m2/repository/org/apache/httpcomponents/httpcore/4.4.1/httpcore-4.4.1.jar:/Users/albert/.m2/repository/com/amazonaws/aws-java-sdk-sqs/1.12.22/aws-java-sdk-sqs-1.12.22.jar:/Users/albert/.m2/repository/com/amazonaws/aws-java-sdk-core/1.12.22/aws-java-sdk-core-1.12.22.jar:/Users/albert/.m2/repository/software/amazon/ion/ion-java/1.0.2/ion-java-1.0.2.jar:/Users/albert/.m2/repository/com/fasterxml/jackson/dataformat/jackson-dataformat-cbor/2.12.3/jackson-dataformat-cbor-2.12.3.jar:/Users/albert/.m2/repository/com/amazonaws/jmespath-java/1.12.22/jmespath-java-1.12.22.jar:/Users/albert/.m2/repository/org/apache/spark/spark-sql_2.12/3.2.2/spark-sql_2.12-3.2.2.jar:/Users/albert/.m2/repository/org/rocksdb/rocksdbjni/6.20.3/rocksdbjni-6.20.3.jar:/Users/albert/.m2/repository/com/univocity/univocity-parsers/2.9.1/univocity-parsers-2.9.1.jar:/Users/albert/.m2/repository/org/apache/spark/spark-sketch_2.12/3.2.2/spark-sketch_2.12-3.2.2.jar:/Users/albert/.m2/repository/org/apache/spark/spark-core_2.12/3.2.2/spark-core_2.12-3.2.2.jar:/Users/albert/.m2/repository/org/apache/avro/avro-mapred/1.10.2/avro-mapred-1.10.2.jar:/Users/albert/.m2/repository/org/apache/avro/avro-ipc/1.10.2/avro-ipc-1.10.2.jar:/Users/albert/.m2/repository/com/twitter/chill_2.12/0.10.0/chill_2.12-0.10.0.jar:/Users/albert/.m2/repository/com/twitter/chill-java/0.10.0/chill-java-0.10.0.jar:/Users/albert/.m2/repository/org/apache/hadoop/hadoop-client-api/3.3.1/hadoop-client-api-3.3.1.jar:/Users/albert/.m2/repository/org/apache/hadoop/hadoop-client-runtime/3.3.1/hadoop-client-runtime-3.3.1.jar:/Users/albert/.m2/repository/org/apache/spark/spark-launcher_2.12/3.2.2/spark-launcher_2.12-3.2.2.jar:/Users/albert/.m2/repository/org/apache/spark/spark-kvstore_2.12/3.2.2/spark-kvstore_2.12-3.2.2.jar:/Users/albert/.m2/repository/org/fusesource/leveldbjni/leveldbjni-all/1.8/leveldbjni-all-1.8.jar:/Users/albert/.m2/repository/org/apache/spark/spark-network-common_2.12/3.2.2/spark-network-common_2.12-3.2.2.jar:/Users/albert/.m2/repository/com/google/crypto/tink/tink/1.6.0/tink-1.6.0.jar:/Users/albert/.m2/repository/org/apache/spark/spark-network-shuffle_2.12/3.2.2/spark-network-shuffle_2.12-3.2.2.jar:/Users/albert/.m2/repository/org/apache/spark/spark-unsafe_2.12/3.2.2/spark-unsafe_2.12-3.2.2.jar:/Users/albert/.m2/repository/javax/activation/activation/1.1.1/activation-1.1.1.jar:/Users/albert/.m2/repository/jakarta/servlet/jakarta.servlet-api/4.0.3/jakarta.servlet-api-4.0.3.jar:/Users/albert/.m2/repository/commons-codec/commons-codec/1.15/commons-codec-1.15.jar:/Users/albert/.m2/repository/org/apache/commons/commons-lang3/3.12.0/commons-lang3-3.12.0.jar:/Users/albert/.m2/repository/org/apache/commons/commons-math3/3.4.1/commons-math3-3.4.1.jar:/Users/albert/.m2/repository/org/apache/commons/commons-text/1.6/commons-text-1.6.jar:/Users/albert/.m2/repository/commons-io/commons-io/2.8.0/commons-io-2.8.0.jar:/Users/albert/.m2/repository/commons-collections/commons-collections/3.2.2/commons-collections-3.2.2.jar:/Users/albert/.m2/repository/com/google/code/findbugs/jsr305/3.0.0/jsr305-3.0.0.jar:/Users/albert/.m2/repository/org/slf4j/jul-to-slf4j/1.7.30/jul-to-slf4j-1.7.30.jar:/Users/albert/.m2/repository/org/slf4j/jcl-over-slf4j/1.7.30/jcl-over-slf4j-1.7.30.jar:/Users/albert/.m2/repository/log4j/log4j/1.2.17/log4j-1.2.17.jar:/Users/albert/.m2/repository/org/slf4j/slf4j-log4j12/1.7.30/slf4j-log4j12-1.7.30.jar:/Users/albert/.m2/repository/com/ning/compress-lzf/1.0.3/compress-lzf-1.0.3.jar:/Users/albert/.m2/repository/com/github/luben/zstd-jni/1.5.0-4/zstd-jni-1.5.0-4.jar:/Users/albert/.m2/repository/org/roaringbitmap/RoaringBitmap/0.9.0/RoaringBitmap-0.9.0.jar:/Users/albert/.m2/repository/org/roaringbitmap/shims/0.9.0/shims-0.9.0.jar:/Users/albert/.m2/repository/commons-net/commons-net/3.1/commons-net-3.1.jar:/Users/albert/.m2/repository/org/scala-lang/modules/scala-xml_2.12/1.2.0/scala-xml_2.12-1.2.0.jar:/Users/albert/.m2/repository/org/json4s/json4s-jackson_2.12/3.7.0-M11/json4s-jackson_2.12-3.7.0-M11.jar:/Users/albert/.m2/repository/org/json4s/json4s-core_2.12/3.7.0-M11/json4s-core_2.12-3.7.0-M11.jar:/Users/albert/.m2/repository/org/json4s/json4s-ast_2.12/3.7.0-M11/json4s-ast_2.12-3.7.0-M11.jar:/Users/albert/.m2/repository/org/json4s/json4s-scalap_2.12/3.7.0-M11/json4s-scalap_2.12-3.7.0-M11.jar:/Users/albert/.m2/repository/org/glassfish/jersey/core/jersey-client/2.34/jersey-client-2.34.jar:/Users/albert/.m2/repository/jakarta/ws/rs/jakarta.ws.rs-api/2.1.6/jakarta.ws.rs-api-2.1.6.jar:/Users/albert/.m2/repository/org/glassfish/hk2/external/jakarta.inject/2.6.1/jakarta.inject-2.6.1.jar:/Users/albert/.m2/repository/org/glassfish/jersey/core/jersey-common/2.34/jersey-common-2.34.jar:/Users/albert/.m2/repository/jakarta/annotation/jakarta.annotation-api/1.3.5/jakarta.annotation-api-1.3.5.jar:/Users/albert/.m2/repository/org/glassfish/hk2/osgi-resource-locator/1.0.3/osgi-resource-locator-1.0.3.jar:/Users/albert/.m2/repository/org/glassfish/jersey/core/jersey-server/2.34/jersey-server-2.34.jar:/Users/albert/.m2/repository/jakarta/validation/jakarta.validation-api/2.0.2/jakarta.validation-api-2.0.2.jar:/Users/albert/.m2/repository/org/glassfish/jersey/containers/jersey-container-servlet/2.34/jersey-container-servlet-2.34.jar:/Users/albert/.m2/repository/org/glassfish/jersey/containers/jersey-container-servlet-core/2.34/jersey-container-servlet-core-2.34.jar:/Users/albert/.m2/repository/org/glassfish/jersey/inject/jersey-hk2/2.34/jersey-hk2-2.34.jar:/Users/albert/.m2/repository/org/glassfish/hk2/hk2-locator/2.6.1/hk2-locator-2.6.1.jar:/Users/albert/.m2/repository/org/glassfish/hk2/external/aopalliance-repackaged/2.6.1/aopalliance-repackaged-2.6.1.jar:/Users/albert/.m2/repository/org/glassfish/hk2/hk2-api/2.6.1/hk2-api-2.6.1.jar:/Users/albert/.m2/repository/org/glassfish/hk2/hk2-utils/2.6.1/hk2-utils-2.6.1.jar:/Users/albert/.m2/repository/org/javassist/javassist/3.25.0-GA/javassist-3.25.0-GA.jar:/Users/albert/.m2/repository/io/netty/netty-all/4.1.68.Final/netty-all-4.1.68.Final.jar:/Users/albert/.m2/repository/com/clearspring/analytics/stream/2.9.6/stream-2.9.6.jar:/Users/albert/.m2/repository/io/dropwizard/metrics/metrics-jvm/4.2.0/metrics-jvm-4.2.0.jar:/Users/albert/.m2/repository/io/dropwizard/metrics/metrics-json/4.2.0/metrics-json-4.2.0.jar:/Users/albert/.m2/repository/io/dropwizard/metrics/metrics-graphite/4.2.0/metrics-graphite-4.2.0.jar:/Users/albert/.m2/repository/io/dropwizard/metrics/metrics-jmx/4.2.0/metrics-jmx-4.2.0.jar:/Users/albert/.m2/repository/com/fasterxml/jackson/module/jackson-module-scala_2.12/2.12.3/jackson-module-scala_2.12-2.12.3.jar:/Users/albert/.m2/repository/org/apache/ivy/ivy/2.5.0/ivy-2.5.0.jar:/Users/albert/.m2/repository/oro/oro/2.0.8/oro-2.0.8.jar:/Users/albert/.m2/repository/net/razorvine/pyrolite/4.30/pyrolite-4.30.jar:/Users/albert/.m2/repository/net/sf/py4j/py4j/0.10.9.5/py4j-0.10.9.5.jar:/Users/albert/.m2/repository/org/apache/commons/commons-crypto/1.1.0/commons-crypto-1.1.0.jar:/Users/albert/.m2/repository/org/apache/spark/spark-catalyst_2.12/3.2.2/spark-catalyst_2.12-3.2.2.jar:/Users/albert/.m2/repository/org/scala-lang/modules/scala-parser-combinators_2.12/1.1.2/scala-parser-combinators_2.12-1.1.2.jar:/Users/albert/.m2/repository/org/codehaus/janino/janino/3.0.16/janino-3.0.16.jar:/Users/albert/.m2/repository/org/codehaus/janino/commons-compiler/3.0.16/commons-compiler-3.0.16.jar:/Users/albert/.m2/repository/org/antlr/antlr4-runtime/4.8/antlr4-runtime-4.8.jar:/Users/albert/.m2/repository/javax/xml/bind/jaxb-api/2.2.11/jaxb-api-2.2.11.jar:/Users/albert/.m2/repository/org/apache/arrow/arrow-vector/2.0.0/arrow-vector-2.0.0.jar:/Users/albert/.m2/repository/org/apache/arrow/arrow-format/2.0.0/arrow-format-2.0.0.jar:/Users/albert/.m2/repository/org/apache/arrow/arrow-memory-core/2.0.0/arrow-memory-core-2.0.0.jar:/Users/albert/.m2/repository/com/google/flatbuffers/flatbuffers-java/1.9.0/flatbuffers-java-1.9.0.jar:/Users/albert/.m2/repository/org/apache/arrow/arrow-memory-netty/2.0.0/arrow-memory-netty-2.0.0.jar:/Users/albert/.m2/repository/org/apache/spark/spark-tags_2.12/3.2.2/spark-tags_2.12-3.2.2.jar:/Users/albert/.m2/repository/org/apache/orc/orc-core/1.6.14/orc-core-1.6.14.jar:/Users/albert/.m2/repository/org/apache/orc/orc-shims/1.6.14/orc-shims-1.6.14.jar:/Users/albert/.m2/repository/com/google/protobuf/protobuf-java/2.5.0/protobuf-java-2.5.0.jar:/Users/albert/.m2/repository/io/airlift/aircompressor/0.21/aircompressor-0.21.jar:/Users/albert/.m2/repository/org/jetbrains/annotations/17.0.0/annotations-17.0.0.jar:/Users/albert/.m2/repository/org/threeten/threeten-extra/1.5.0/threeten-extra-1.5.0.jar:/Users/albert/.m2/repository/org/apache/orc/orc-mapreduce/1.6.14/orc-mapreduce-1.6.14.jar:/Users/albert/.m2/repository/org/apache/hive/hive-storage-api/2.7.2/hive-storage-api-2.7.2.jar:/Users/albert/.m2/repository/org/apache/parquet/parquet-column/1.12.2/parquet-column-1.12.2.jar:/Users/albert/.m2/repository/org/apache/parquet/parquet-common/1.12.2/parquet-common-1.12.2.jar:/Users/albert/.m2/repository/org/apache/parquet/parquet-encoding/1.12.2/parquet-encoding-1.12.2.jar:/Users/albert/.m2/repository/org/apache/parquet/parquet-hadoop/1.12.2/parquet-hadoop-1.12.2.jar:/Users/albert/.m2/repository/org/apache/parquet/parquet-format-structures/1.12.2/parquet-format-structures-1.12.2.jar:/Users/albert/.m2/repository/org/apache/parquet/parquet-jackson/1.12.2/parquet-jackson-1.12.2.jar:/Users/albert/.m2/repository/com/fasterxml/jackson/core/jackson-databind/2.12.3/jackson-databind-2.12.3.jar:/Users/albert/.m2/repository/org/apache/xbean/xbean-asm9-shaded/4.20/xbean-asm9-shaded-4.20.jar:/Users/albert/.m2/repository/org/spark-project/spark/unused/1.0.0/unused-1.0.0.jar:/Users/albert/.m2/repository/org/junit/jupiter/junit-jupiter-api/5.6.0/junit-jupiter-api-5.6.0.jar:/Users/albert/.m2/repository/org/apiguardian/apiguardian-api/1.1.0/apiguardian-api-1.1.0.jar:/Users/albert/.m2/repository/org/opentest4j/opentest4j/1.2.0/opentest4j-1.2.0.jar:/Users/albert/.m2/repository/org/junit/platform/junit-platform-commons/1.6.0/junit-platform-commons-1.6.0.jar:/Users/albert/.m2/repository/org/junit/jupiter/junit-jupiter-engine/5.6.0/junit-jupiter-engine-5.6.0.jar:/Users/albert/.m2/repository/org/junit/platform/junit-platform-engine/1.6.0/junit-platform-engine-1.6.0.jar:"/>
    <property name="java.vm.vendor" value="Temurin"/>
    <property name="sun.arch.data.model" value="64"/>
    <property name="java.vendor.url" value="https://adoptium.net/"/>
    <property name="user.timezone" value=""/>
    <property name="java.vm.specification.version" value="1.8"/>
    <property name="os.name" value="Mac OS X"/>
    <property name="user.country" value="US"/>
    <property name="sun.java.launcher" value="SUN_STANDARD"/>
    <property name="sun.boot.library.path" value="/Library/Java/JavaVirtualMachines/temurin-8.jdk/Contents/Home/jre/lib"/>
    <property name="sun.java.command" value="/Users/albert/sandbox/OnehouseCustomTransformations/demo/target/surefire/surefirebooter6921528408622515943.jar /Users/albert/sandbox/OnehouseCustomTransformations/demo/target/surefire 2024-07-12T14-35-26_557-jvmRun1 surefire2897517408713022907tmp surefire_04711565143586568057tmp"/>
    <property name="http.nonProxyHosts" value="local|*.local|169.254/16|*.169.254/16"/>
    <property name="surefire.test.class.path" value="/Users/albert/sandbox/OnehouseCustomTransformations/demo/target/test-classes:/Users/albert/sandbox/OnehouseCustomTransformations/demo/target/classes:/Users/albert/.m2/repository/org/apache/hudi/hudi-utilities_2.12/0.12.2/hudi-utilities_2.12-0.12.2.jar:/Users/albert/.m2/repository/org/apache/hudi/hudi-spark_2.11/0.12.2/hudi-spark_2.11-0.12.2.jar:/Users/albert/.m2/repository/org/apache/hudi/hudi-spark-client/0.12.2/hudi-spark-client-0.12.2.jar:/Users/albert/.m2/repository/org/scala-lang/modules/scala-collection-compat_2.11/2.8.1/scala-collection-compat_2.11-2.8.1.jar:/Users/albert/.m2/repository/org/apache/hudi/hudi-spark2_2.11/0.12.2/hudi-spark2_2.11-0.12.2.jar:/Users/albert/.m2/repository/org/apache/hudi/hudi-spark-common_2.11/0.12.2/hudi-spark-common_2.11-0.12.2.jar:/Users/albert/.m2/repository/org/apache/hudi/hudi-client-common/0.12.2/hudi-client-common-0.12.2.jar:/Users/albert/.m2/repository/org/apache/hudi/hudi-timeline-service/0.12.2/hudi-timeline-service-0.12.2.jar:/Users/albert/.m2/repository/io/javalin/javalin/4.6.7/javalin-4.6.7.jar:/Users/albert/.m2/repository/org/eclipse/jetty/jetty-server/9.4.48.v20220622/jetty-server-9.4.48.v20220622.jar:/Users/albert/.m2/repository/org/eclipse/jetty/jetty-http/9.4.48.v20220622/jetty-http-9.4.48.v20220622.jar:/Users/albert/.m2/repository/org/eclipse/jetty/jetty-util/9.4.48.v20220622/jetty-util-9.4.48.v20220622.jar:/Users/albert/.m2/repository/org/eclipse/jetty/jetty-io/9.4.48.v20220622/jetty-io-9.4.48.v20220622.jar:/Users/albert/.m2/repository/org/eclipse/jetty/jetty-webapp/9.4.48.v20220622/jetty-webapp-9.4.48.v20220622.jar:/Users/albert/.m2/repository/org/eclipse/jetty/jetty-xml/9.4.48.v20220622/jetty-xml-9.4.48.v20220622.jar:/Users/albert/.m2/repository/org/eclipse/jetty/jetty-servlet/9.4.48.v20220622/jetty-servlet-9.4.48.v20220622.jar:/Users/albert/.m2/repository/org/eclipse/jetty/jetty-security/9.4.48.v20220622/jetty-security-9.4.48.v20220622.jar:/Users/albert/.m2/repository/org/eclipse/jetty/jetty-util-ajax/9.4.48.v20220622/jetty-util-ajax-9.4.48.v20220622.jar:/Users/albert/.m2/repository/org/eclipse/jetty/websocket/websocket-server/9.4.48.v20220622/websocket-server-9.4.48.v20220622.jar:/Users/albert/.m2/repository/org/eclipse/jetty/websocket/websocket-common/9.4.48.v20220622/websocket-common-9.4.48.v20220622.jar:/Users/albert/.m2/repository/org/eclipse/jetty/websocket/websocket-api/9.4.48.v20220622/websocket-api-9.4.48.v20220622.jar:/Users/albert/.m2/repository/org/eclipse/jetty/websocket/websocket-client/9.4.48.v20220622/websocket-client-9.4.48.v20220622.jar:/Users/albert/.m2/repository/org/eclipse/jetty/jetty-client/9.4.48.v20220622/jetty-client-9.4.48.v20220622.jar:/Users/albert/.m2/repository/org/eclipse/jetty/websocket/websocket-servlet/9.4.48.v20220622/websocket-servlet-9.4.48.v20220622.jar:/Users/albert/.m2/repository/org/jetbrains/kotlin/kotlin-stdlib-jdk8/1.5.32/kotlin-stdlib-jdk8-1.5.32.jar:/Users/albert/.m2/repository/org/jetbrains/kotlin/kotlin-stdlib/1.5.32/kotlin-stdlib-1.5.32.jar:/Users/albert/.m2/repository/org/jetbrains/kotlin/kotlin-stdlib-common/1.5.32/kotlin-stdlib-common-1.5.32.jar:/Users/albert/.m2/repository/org/jetbrains/kotlin/kotlin-stdlib-jdk7/1.5.32/kotlin-stdlib-jdk7-1.5.32.jar:/Users/albert/.m2/repository/joda-time/joda-time/2.9.9/joda-time-2.9.9.jar:/Users/albert/.m2/repository/com/github/davidmoten/hilbert-curve/0.2.2/hilbert-curve-0.2.2.jar:/Users/albert/.m2/repository/com/github/davidmoten/guava-mini/0.1.3/guava-mini-0.1.3.jar:/Users/albert/.m2/repository/io/prometheus/simpleclient/0.8.0/simpleclient-0.8.0.jar:/Users/albert/.m2/repository/io/prometheus/simpleclient_httpserver/0.8.0/simpleclient_httpserver-0.8.0.jar:/Users/albert/.m2/repository/io/prometheus/simpleclient_common/0.8.0/simpleclient_common-0.8.0.jar:/Users/albert/.m2/repository/io/prometheus/simpleclient_dropwizard/0.8.0/simpleclient_dropwizard-0.8.0.jar:/Users/albert/.m2/repository/io/prometheus/simpleclient_pushgateway/0.8.0/simpleclient_pushgateway-0.8.0.jar:/Users/albert/.m2/repository/org/apache/hudi/hudi-hadoop-mr/0.12.2/hudi-hadoop-mr-0.12.2.jar:/Users/albert/.m2/repository/org/apache/hudi/hudi-sync-common/0.12.2/hudi-sync-common-0.12.2.jar:/Users/albert/.m2/repository/com/fasterxml/jackson/core/jackson-annotations/2.6.7/jackson-annotations-2.6.7.jar:/Users/albert/.m2/repository/org/apache/curator/curator-framework/2.7.1/curator-framework-2.7.1.jar:/Users/albert/.m2/repository/com/google/guava/guava/16.0.1/guava-16.0.1.jar:/Users/albert/.m2/repository/org/apache/curator/curator-client/2.7.1/curator-client-2.7.1.jar:/Users/albert/.m2/repository/org/apache/curator/curator-recipes/2.7.1/curator-recipes-2.7.1.jar:/Users/albert/.m2/repository/org/apache/hudi/hudi-common/0.12.2/hudi-common-0.12.2.jar:/Users/albert/.m2/repository/org/openjdk/jol/jol-core/0.16/jol-core-0.16.jar:/Users/albert/.m2/repository/com/github/ben-manes/caffeine/caffeine/2.9.1/caffeine-2.9.1.jar:/Users/albert/.m2/repository/org/checkerframework/checker-qual/3.10.0/checker-qual-3.10.0.jar:/Users/albert/.m2/repository/com/google/errorprone/error_prone_annotations/2.5.1/error_prone_annotations-2.5.1.jar:/Users/albert/.m2/repository/org/apache/orc/orc-core/1.6.0/orc-core-1.6.0-nohive.jar:/Users/albert/.m2/repository/commons-lang/commons-lang/2.6/commons-lang-2.6.jar:/Users/albert/.m2/repository/org/apache/httpcomponents/fluent-hc/4.4.1/fluent-hc-4.4.1.jar:/Users/albert/.m2/repository/commons-logging/commons-logging/1.2/commons-logging-1.2.jar:/Users/albert/.m2/repository/org/apache/httpcomponents/httpclient/4.4.1/httpclient-4.4.1.jar:/Users/albert/.m2/repository/com/esotericsoftware/kryo-shaded/4.0.2/kryo-shaded-4.0.2.jar:/Users/albert/.m2/repository/com/esotericsoftware/minlog/1.3.0/minlog-1.3.0.jar:/Users/albert/.m2/repository/org/objenesis/objenesis/2.5.1/objenesis-2.5.1.jar:/Users/albert/.m2/repository/org/apache/hbase/hbase-client/2.4.9/hbase-client-2.4.9.jar:/Users/albert/.m2/repository/org/apache/hbase/thirdparty/hbase-shaded-protobuf/3.5.1/hbase-shaded-protobuf-3.5.1.jar:/Users/albert/.m2/repository/org/apache/hbase/hbase-common/2.4.9/hbase-common-2.4.9.jar:/Users/albert/.m2/repository/org/apache/hbase/hbase-logging/2.4.9/hbase-logging-2.4.9.jar:/Users/albert/.m2/repository/org/apache/hbase/thirdparty/hbase-shaded-gson/3.5.1/hbase-shaded-gson-3.5.1.jar:/Users/albert/.m2/repository/org/apache/hbase/hbase-hadoop-compat/2.4.9/hbase-hadoop-compat-2.4.9.jar:/Users/albert/.m2/repository/org/apache/hbase/hbase-hadoop2-compat/2.4.9/hbase-hadoop2-compat-2.4.9.jar:/Users/albert/.m2/repository/javax/activation/javax.activation-api/1.2.0/javax.activation-api-1.2.0.jar:/Users/albert/.m2/repository/org/apache/hbase/hbase-protocol-shaded/2.4.9/hbase-protocol-shaded-2.4.9.jar:/Users/albert/.m2/repository/org/apache/hbase/hbase-protocol/2.4.9/hbase-protocol-2.4.9.jar:/Users/albert/.m2/repository/org/apache/hbase/thirdparty/hbase-shaded-miscellaneous/3.5.1/hbase-shaded-miscellaneous-3.5.1.jar:/Users/albert/.m2/repository/org/apache/hbase/thirdparty/hbase-shaded-netty/3.5.1/hbase-shaded-netty-3.5.1.jar:/Users/albert/.m2/repository/org/apache/htrace/htrace-core4/4.2.0-incubating/htrace-core4-4.2.0-incubating.jar:/Users/albert/.m2/repository/org/jruby/jcodings/jcodings/1.0.55/jcodings-1.0.55.jar:/Users/albert/.m2/repository/org/jruby/joni/joni/2.1.31/joni-2.1.31.jar:/Users/albert/.m2/repository/org/apache/hadoop/hadoop-auth/2.10.0/hadoop-auth-2.10.0.jar:/Users/albert/.m2/repository/com/nimbusds/nimbus-jose-jwt/4.41.1/nimbus-jose-jwt-4.41.1.jar:/Users/albert/.m2/repository/com/github/stephenc/jcip/jcip-annotations/1.0-1/jcip-annotations-1.0-1.jar:/Users/albert/.m2/repository/org/apache/directory/server/apacheds-kerberos-codec/2.0.0-M15/apacheds-kerberos-codec-2.0.0-M15.jar:/Users/albert/.m2/repository/org/apache/directory/server/apacheds-i18n/2.0.0-M15/apacheds-i18n-2.0.0-M15.jar:/Users/albert/.m2/repository/org/apache/directory/api/api-asn1-api/1.0.0-M20/api-asn1-api-1.0.0-M20.jar:/Users/albert/.m2/repository/org/apache/directory/api/api-util/1.0.0-M20/api-util-1.0.0-M20.jar:/Users/albert/.m2/repository/org/apache/hadoop/hadoop-common/2.10.0/hadoop-common-2.10.0.jar:/Users/albert/.m2/repository/commons-cli/commons-cli/1.2/commons-cli-1.2.jar:/Users/albert/.m2/repository/xmlenc/xmlenc/0.52/xmlenc-0.52.jar:/Users/albert/.m2/repository/org/mortbay/jetty/jetty-sslengine/6.1.26/jetty-sslengine-6.1.26.jar:/Users/albert/.m2/repository/commons-configuration/commons-configuration/1.6/commons-configuration-1.6.jar:/Users/albert/.m2/repository/commons-digester/commons-digester/1.8/commons-digester-1.8.jar:/Users/albert/.m2/repository/commons-beanutils/commons-beanutils/1.9.4/commons-beanutils-1.9.4.jar:/Users/albert/.m2/repository/com/google/code/gson/gson/2.2.4/gson-2.2.4.jar:/Users/albert/.m2/repository/com/jcraft/jsch/0.1.54/jsch-0.1.54.jar:/Users/albert/.m2/repository/org/codehaus/woodstox/stax2-api/3.1.4/stax2-api-3.1.4.jar:/Users/albert/.m2/repository/com/fasterxml/woodstox/woodstox-core/5.0.3/woodstox-core-5.0.3.jar:/Users/albert/.m2/repository/org/apache/yetus/audience-annotations/0.5.0/audience-annotations-0.5.0.jar:/Users/albert/.m2/repository/org/apache/hbase/hbase-server/2.4.9/hbase-server-2.4.9.jar:/Users/albert/.m2/repository/org/apache/hbase/hbase-http/2.4.9/hbase-http-2.4.9.jar:/Users/albert/.m2/repository/org/apache/hbase/thirdparty/hbase-shaded-jetty/3.5.1/hbase-shaded-jetty-3.5.1.jar:/Users/albert/.m2/repository/org/apache/hbase/thirdparty/hbase-shaded-jersey/3.5.1/hbase-shaded-jersey-3.5.1.jar:/Users/albert/.m2/repository/org/apache/hbase/hbase-procedure/2.4.9/hbase-procedure-2.4.9.jar:/Users/albert/.m2/repository/org/apache/hbase/hbase-zookeeper/2.4.9/hbase-zookeeper-2.4.9.jar:/Users/albert/.m2/repository/org/apache/hbase/hbase-replication/2.4.9/hbase-replication-2.4.9.jar:/Users/albert/.m2/repository/org/apache/hbase/hbase-metrics-api/2.4.9/hbase-metrics-api-2.4.9.jar:/Users/albert/.m2/repository/org/apache/hbase/hbase-metrics/2.4.9/hbase-metrics-2.4.9.jar:/Users/albert/.m2/repository/org/apache/hbase/hbase-asyncfs/2.4.9/hbase-asyncfs-2.4.9.jar:/Users/albert/.m2/repository/org/glassfish/web/javax.servlet.jsp/2.3.2/javax.servlet.jsp-2.3.2.jar:/Users/albert/.m2/repository/org/glassfish/javax.el/3.0.1-b12/javax.el-3.0.1-b12.jar:/Users/albert/.m2/repository/javax/servlet/jsp/javax.servlet.jsp-api/2.3.1/javax.servlet.jsp-api-2.3.1.jar:/Users/albert/.m2/repository/org/jamon/jamon-runtime/2.4.1/jamon-runtime-2.4.1.jar:/Users/albert/.m2/repository/com/lmax/disruptor/3.4.2/disruptor-3.4.2.jar:/Users/albert/.m2/repository/org/apache/hadoop/hadoop-distcp/2.10.0/hadoop-distcp-2.10.0.jar:/Users/albert/.m2/repository/org/apache/hadoop/hadoop-annotations/2.10.0/hadoop-annotations-2.10.0.jar:/Library/Java/JavaVirtualMachines/temurin-8.jdk/Contents/Home/jre/../lib/tools.jar:/Users/albert/.m2/repository/org/apache/hadoop/hadoop-mapreduce-client-core/2.10.0/hadoop-mapreduce-client-core-2.10.0.jar:/Users/albert/.m2/repository/org/apache/hadoop/hadoop-yarn-client/2.10.0/hadoop-yarn-client-2.10.0.jar:/Users/albert/.m2/repository/org/apache/hadoop/hadoop-yarn-common/2.10.0/hadoop-yarn-common-2.10.0.jar:/Users/albert/.m2/repository/com/sun/jersey/jersey-core/1.9/jersey-core-1.9.jar:/Users/albert/.m2/repository/com/sun/jersey/jersey-client/1.9/jersey-client-1.9.jar:/Users/albert/.m2/repository/com/google/inject/guice/3.0/guice-3.0.jar:/Users/albert/.m2/repository/javax/inject/javax.inject/1/javax.inject-1.jar:/Users/albert/.m2/repository/aopalliance/aopalliance/1.0/aopalliance-1.0.jar:/Users/albert/.m2/repository/com/sun/jersey/jersey-json/1.9/jersey-json-1.9.jar:/Users/albert/.m2/repository/org/codehaus/jettison/jettison/1.1/jettison-1.1.jar:/Users/albert/.m2/repository/com/sun/xml/bind/jaxb-impl/2.2.3-1/jaxb-impl-2.2.3-1.jar:/Users/albert/.m2/repository/com/sun/jersey/contribs/jersey-guice/1.9/jersey-guice-1.9.jar:/Users/albert/.m2/repository/com/google/inject/extensions/guice-servlet/3.0/guice-servlet-3.0.jar:/Users/albert/.m2/repository/org/apache/hadoop/hadoop-hdfs/2.10.0/hadoop-hdfs-2.10.0.jar:/Users/albert/.m2/repository/org/apache/hadoop/hadoop-hdfs-client/2.10.0/hadoop-hdfs-client-2.10.0.jar:/Users/albert/.m2/repository/com/squareup/okhttp/okhttp/2.7.5/okhttp-2.7.5.jar:/Users/albert/.m2/repository/com/squareup/okio/okio/1.6.0/okio-1.6.0.jar:/Users/albert/.m2/repository/com/sun/jersey/jersey-server/1.9/jersey-server-1.9.jar:/Users/albert/.m2/repository/asm/asm/3.1/asm-3.1.jar:/Users/albert/.m2/repository/commons-daemon/commons-daemon/1.0.13/commons-daemon-1.0.13.jar:/Users/albert/.m2/repository/org/lz4/lz4-java/1.8.0/lz4-java-1.8.0.jar:/Users/albert/.m2/repository/org/apache/hudi/hudi-hive-sync/0.12.2/hudi-hive-sync-0.12.2.jar:/Users/albert/.m2/repository/org/apache/kafka/kafka-clients/2.0.0/kafka-clients-2.0.0.jar:/Users/albert/.m2/repository/org/xerial/snappy/snappy-java/1.1.7.1/snappy-java-1.1.7.1.jar:/Users/albert/.m2/repository/org/slf4j/slf4j-api/1.7.25/slf4j-api-1.7.25.jar:/Users/albert/.m2/repository/org/apache/pulsar/pulsar-client/2.8.1/pulsar-client-2.8.1.jar:/Users/albert/.m2/repository/org/apache/pulsar/pulsar-client-api/2.8.1/pulsar-client-api-2.8.1.jar:/Users/albert/.m2/repository/org/apache/pulsar/pulsar-client-admin-api/2.8.1/pulsar-client-admin-api-2.8.1.jar:/Users/albert/.m2/repository/javax/ws/rs/javax.ws.rs-api/2.1/javax.ws.rs-api-2.1.jar:/Users/albert/.m2/repository/org/apache/pulsar/bouncy-castle-bc/2.8.1/bouncy-castle-bc-2.8.1-pkg.jar:/Users/albert/.m2/repository/org/bouncycastle/bcpkix-jdk15on/1.69/bcpkix-jdk15on-1.69.jar:/Users/albert/.m2/repository/org/bouncycastle/bcprov-jdk15on/1.69/bcprov-jdk15on-1.69.jar:/Users/albert/.m2/repository/org/bouncycastle/bcutil-jdk15on/1.69/bcutil-jdk15on-1.69.jar:/Users/albert/.m2/repository/org/bouncycastle/bcprov-ext-jdk15on/1.69/bcprov-ext-jdk15on-1.69.jar:/Users/albert/.m2/repository/com/sun/activation/javax.activation/1.2.0/javax.activation-1.2.0.jar:/Users/albert/.m2/repository/javax/validation/validation-api/1.1.0.Final/validation-api-1.1.0.Final.jar:/Users/albert/.m2/repository/net/jcip/jcip-annotations/1.0/jcip-annotations-1.0.jar:/Users/albert/.m2/repository/com/fasterxml/jackson/module/jackson-module-scala_2.11/2.6.7.1/jackson-module-scala_2.11-2.6.7.1.jar:/Users/albert/.m2/repository/org/scala-lang/scala-library/2.11.8/scala-library-2.11.8.jar:/Users/albert/.m2/repository/org/scala-lang/scala-reflect/2.11.8/scala-reflect-2.11.8.jar:/Users/albert/.m2/repository/com/fasterxml/jackson/core/jackson-core/2.6.7/jackson-core-2.6.7.jar:/Users/albert/.m2/repository/com/fasterxml/jackson/module/jackson-module-paranamer/2.7.9/jackson-module-paranamer-2.7.9.jar:/Users/albert/.m2/repository/com/thoughtworks/paranamer/paranamer/2.8/paranamer-2.8.jar:/Users/albert/.m2/repository/com/fasterxml/jackson/dataformat/jackson-dataformat-csv/2.6.7/jackson-dataformat-csv-2.6.7.jar:/Users/albert/.m2/repository/org/apache/spark/spark-streaming_2.11/2.4.4/spark-streaming_2.11-2.4.4.jar:/Users/albert/.m2/repository/org/apache/spark/spark-core_2.11/2.4.4/spark-core_2.11-2.4.4.jar:/Users/albert/.m2/repository/org/apache/avro/avro-mapred/1.8.2/avro-mapred-1.8.2-hadoop2.jar:/Users/albert/.m2/repository/com/twitter/chill_2.11/0.9.3/chill_2.11-0.9.3.jar:/Users/albert/.m2/repository/org/apache/xbean/xbean-asm6-shaded/4.8/xbean-asm6-shaded-4.8.jar:/Users/albert/.m2/repository/org/apache/hadoop/hadoop-client/2.6.5/hadoop-client-2.6.5.jar:/Users/albert/.m2/repository/org/apache/hadoop/hadoop-mapreduce-client-app/2.6.5/hadoop-mapreduce-client-app-2.6.5.jar:/Users/albert/.m2/repository/org/apache/hadoop/hadoop-mapreduce-client-common/2.6.5/hadoop-mapreduce-client-common-2.6.5.jar:/Users/albert/.m2/repository/org/apache/hadoop/hadoop-yarn-server-common/2.6.5/hadoop-yarn-server-common-2.6.5.jar:/Users/albert/.m2/repository/org/apache/hadoop/hadoop-mapreduce-client-shuffle/2.6.5/hadoop-mapreduce-client-shuffle-2.6.5.jar:/Users/albert/.m2/repository/org/apache/hadoop/hadoop-yarn-api/2.6.5/hadoop-yarn-api-2.6.5.jar:/Users/albert/.m2/repository/org/apache/hadoop/hadoop-mapreduce-client-jobclient/2.6.5/hadoop-mapreduce-client-jobclient-2.6.5.jar:/Users/albert/.m2/repository/org/apache/spark/spark-launcher_2.11/2.4.4/spark-launcher_2.11-2.4.4.jar:/Users/albert/.m2/repository/org/apache/spark/spark-kvstore_2.11/2.4.4/spark-kvstore_2.11-2.4.4.jar:/Users/albert/.m2/repository/org/apache/spark/spark-network-common_2.11/2.4.4/spark-network-common_2.11-2.4.4.jar:/Users/albert/.m2/repository/org/apache/spark/spark-network-shuffle_2.11/2.4.4/spark-network-shuffle_2.11-2.4.4.jar:/Users/albert/.m2/repository/org/apache/spark/spark-unsafe_2.11/2.4.4/spark-unsafe_2.11-2.4.4.jar:/Users/albert/.m2/repository/javax/servlet/javax.servlet-api/3.1.0/javax.servlet-api-3.1.0.jar:/Users/albert/.m2/repository/org/json4s/json4s-jackson_2.11/3.5.3/json4s-jackson_2.11-3.5.3.jar:/Users/albert/.m2/repository/org/json4s/json4s-core_2.11/3.5.3/json4s-core_2.11-3.5.3.jar:/Users/albert/.m2/repository/org/json4s/json4s-ast_2.11/3.5.3/json4s-ast_2.11-3.5.3.jar:/Users/albert/.m2/repository/org/json4s/json4s-scalap_2.11/3.5.3/json4s-scalap_2.11-3.5.3.jar:/Users/albert/.m2/repository/org/scala-lang/modules/scala-xml_2.11/1.0.6/scala-xml_2.11-1.0.6.jar:/Users/albert/.m2/repository/io/netty/netty/3.9.9.Final/netty-3.9.9.Final.jar:/Users/albert/.m2/repository/org/apache/spark/spark-tags_2.11/2.4.4/spark-tags_2.11-2.4.4.jar:/Users/albert/.m2/repository/org/apache/spark/spark-streaming-kafka-0-10_2.11/2.4.4/spark-streaming-kafka-0-10_2.11-2.4.4.jar:/Users/albert/.m2/repository/org/apache/spark/spark-streaming-kafka-0-10_2.11/2.4.4/spark-streaming-kafka-0-10_2.11-2.4.4-tests.jar:/Users/albert/.m2/repository/io/dropwizard/metrics/metrics-core/4.1.1/metrics-core-4.1.1.jar:/Users/albert/.m2/repository/org/antlr/stringtemplate/4.0.2/stringtemplate-4.0.2.jar:/Users/albert/.m2/repository/com/beust/jcommander/1.78/jcommander-1.78.jar:/Users/albert/.m2/repository/com/twitter/bijection-avro_2.11/0.9.7/bijection-avro_2.11-0.9.7.jar:/Users/albert/.m2/repository/com/twitter/bijection-core_2.11/0.9.7/bijection-core_2.11-0.9.7.jar:/Users/albert/.m2/repository/org/apache/avro/avro/1.7.7/avro-1.7.7.jar:/Users/albert/.m2/repository/org/codehaus/jackson/jackson-core-asl/1.9.13/jackson-core-asl-1.9.13.jar:/Users/albert/.m2/repository/org/codehaus/jackson/jackson-mapper-asl/1.9.13/jackson-mapper-asl-1.9.13.jar:/Users/albert/.m2/repository/org/apache/commons/commons-compress/1.4.1/commons-compress-1.4.1.jar:/Users/albert/.m2/repository/org/tukaani/xz/1.0/xz-1.0.jar:/Users/albert/.m2/repository/io/confluent/kafka-avro-serializer/5.3.4/kafka-avro-serializer-5.3.4.jar:/Users/albert/.m2/repository/io/confluent/common-config/5.3.4/common-config-5.3.4.jar:/Users/albert/.m2/repository/io/confluent/common-utils/5.3.4/common-utils-5.3.4.jar:/Users/albert/.m2/repository/org/apache/zookeeper/zookeeper/3.4.14/zookeeper-3.4.14.jar:/Users/albert/.m2/repository/com/github/spotbugs/spotbugs-annotations/3.1.9/spotbugs-annotations-3.1.9.jar:/Users/albert/.m2/repository/jline/jline/0.9.94/jline-0.9.94.jar:/Users/albert/.m2/repository/com/101tec/zkclient/0.10/zkclient-0.10.jar:/Users/albert/.m2/repository/io/confluent/kafka-schema-registry-client/5.3.4/kafka-schema-registry-client-5.3.4.jar:/Users/albert/.m2/repository/org/apache/httpcomponents/httpcore/4.4.1/httpcore-4.4.1.jar:/Users/albert/.m2/repository/com/amazonaws/aws-java-sdk-sqs/1.12.22/aws-java-sdk-sqs-1.12.22.jar:/Users/albert/.m2/repository/com/amazonaws/aws-java-sdk-core/1.12.22/aws-java-sdk-core-1.12.22.jar:/Users/albert/.m2/repository/software/amazon/ion/ion-java/1.0.2/ion-java-1.0.2.jar:/Users/albert/.m2/repository/com/fasterxml/jackson/dataformat/jackson-dataformat-cbor/2.12.3/jackson-dataformat-cbor-2.12.3.jar:/Users/albert/.m2/repository/com/amazonaws/jmespath-java/1.12.22/jmespath-java-1.12.22.jar:/Users/albert/.m2/repository/org/apache/spark/spark-sql_2.12/3.2.2/spark-sql_2.12-3.2.2.jar:/Users/albert/.m2/repository/org/rocksdb/rocksdbjni/6.20.3/rocksdbjni-6.20.3.jar:/Users/albert/.m2/repository/com/univocity/univocity-parsers/2.9.1/univocity-parsers-2.9.1.jar:/Users/albert/.m2/repository/org/apache/spark/spark-sketch_2.12/3.2.2/spark-sketch_2.12-3.2.2.jar:/Users/albert/.m2/repository/org/apache/spark/spark-core_2.12/3.2.2/spark-core_2.12-3.2.2.jar:/Users/albert/.m2/repository/org/apache/avro/avro-mapred/1.10.2/avro-mapred-1.10.2.jar:/Users/albert/.m2/repository/org/apache/avro/avro-ipc/1.10.2/avro-ipc-1.10.2.jar:/Users/albert/.m2/repository/com/twitter/chill_2.12/0.10.0/chill_2.12-0.10.0.jar:/Users/albert/.m2/repository/com/twitter/chill-java/0.10.0/chill-java-0.10.0.jar:/Users/albert/.m2/repository/org/apache/hadoop/hadoop-client-api/3.3.1/hadoop-client-api-3.3.1.jar:/Users/albert/.m2/repository/org/apache/hadoop/hadoop-client-runtime/3.3.1/hadoop-client-runtime-3.3.1.jar:/Users/albert/.m2/repository/org/apache/spark/spark-launcher_2.12/3.2.2/spark-launcher_2.12-3.2.2.jar:/Users/albert/.m2/repository/org/apache/spark/spark-kvstore_2.12/3.2.2/spark-kvstore_2.12-3.2.2.jar:/Users/albert/.m2/repository/org/fusesource/leveldbjni/leveldbjni-all/1.8/leveldbjni-all-1.8.jar:/Users/albert/.m2/repository/org/apache/spark/spark-network-common_2.12/3.2.2/spark-network-common_2.12-3.2.2.jar:/Users/albert/.m2/repository/com/google/crypto/tink/tink/1.6.0/tink-1.6.0.jar:/Users/albert/.m2/repository/org/apache/spark/spark-network-shuffle_2.12/3.2.2/spark-network-shuffle_2.12-3.2.2.jar:/Users/albert/.m2/repository/org/apache/spark/spark-unsafe_2.12/3.2.2/spark-unsafe_2.12-3.2.2.jar:/Users/albert/.m2/repository/javax/activation/activation/1.1.1/activation-1.1.1.jar:/Users/albert/.m2/repository/jakarta/servlet/jakarta.servlet-api/4.0.3/jakarta.servlet-api-4.0.3.jar:/Users/albert/.m2/repository/commons-codec/commons-codec/1.15/commons-codec-1.15.jar:/Users/albert/.m2/repository/org/apache/commons/commons-lang3/3.12.0/commons-lang3-3.12.0.jar:/Users/albert/.m2/repository/org/apache/commons/commons-math3/3.4.1/commons-math3-3.4.1.jar:/Users/albert/.m2/repository/org/apache/commons/commons-text/1.6/commons-text-1.6.jar:/Users/albert/.m2/repository/commons-io/commons-io/2.8.0/commons-io-2.8.0.jar:/Users/albert/.m2/repository/commons-collections/commons-collections/3.2.2/commons-collections-3.2.2.jar:/Users/albert/.m2/repository/com/google/code/findbugs/jsr305/3.0.0/jsr305-3.0.0.jar:/Users/albert/.m2/repository/org/slf4j/jul-to-slf4j/1.7.30/jul-to-slf4j-1.7.30.jar:/Users/albert/.m2/repository/org/slf4j/jcl-over-slf4j/1.7.30/jcl-over-slf4j-1.7.30.jar:/Users/albert/.m2/repository/log4j/log4j/1.2.17/log4j-1.2.17.jar:/Users/albert/.m2/repository/org/slf4j/slf4j-log4j12/1.7.30/slf4j-log4j12-1.7.30.jar:/Users/albert/.m2/repository/com/ning/compress-lzf/1.0.3/compress-lzf-1.0.3.jar:/Users/albert/.m2/repository/com/github/luben/zstd-jni/1.5.0-4/zstd-jni-1.5.0-4.jar:/Users/albert/.m2/repository/org/roaringbitmap/RoaringBitmap/0.9.0/RoaringBitmap-0.9.0.jar:/Users/albert/.m2/repository/org/roaringbitmap/shims/0.9.0/shims-0.9.0.jar:/Users/albert/.m2/repository/commons-net/commons-net/3.1/commons-net-3.1.jar:/Users/albert/.m2/repository/org/scala-lang/modules/scala-xml_2.12/1.2.0/scala-xml_2.12-1.2.0.jar:/Users/albert/.m2/repository/org/json4s/json4s-jackson_2.12/3.7.0-M11/json4s-jackson_2.12-3.7.0-M11.jar:/Users/albert/.m2/repository/org/json4s/json4s-core_2.12/3.7.0-M11/json4s-core_2.12-3.7.0-M11.jar:/Users/albert/.m2/repository/org/json4s/json4s-ast_2.12/3.7.0-M11/json4s-ast_2.12-3.7.0-M11.jar:/Users/albert/.m2/repository/org/json4s/json4s-scalap_2.12/3.7.0-M11/json4s-scalap_2.12-3.7.0-M11.jar:/Users/albert/.m2/repository/org/glassfish/jersey/core/jersey-client/2.34/jersey-client-2.34.jar:/Users/albert/.m2/repository/jakarta/ws/rs/jakarta.ws.rs-api/2.1.6/jakarta.ws.rs-api-2.1.6.jar:/Users/albert/.m2/repository/org/glassfish/hk2/external/jakarta.inject/2.6.1/jakarta.inject-2.6.1.jar:/Users/albert/.m2/repository/org/glassfish/jersey/core/jersey-common/2.34/jersey-common-2.34.jar:/Users/albert/.m2/repository/jakarta/annotation/jakarta.annotation-api/1.3.5/jakarta.annotation-api-1.3.5.jar:/Users/albert/.m2/repository/org/glassfish/hk2/osgi-resource-locator/1.0.3/osgi-resource-locator-1.0.3.jar:/Users/albert/.m2/repository/org/glassfish/jersey/core/jersey-server/2.34/jersey-server-2.34.jar:/Users/albert/.m2/repository/jakarta/validation/jakarta.validation-api/2.0.2/jakarta.validation-api-2.0.2.jar:/Users/albert/.m2/repository/org/glassfish/jersey/containers/jersey-container-servlet/2.34/jersey-container-servlet-2.34.jar:/Users/albert/.m2/repository/org/glassfish/jersey/containers/jersey-container-servlet-core/2.34/jersey-container-servlet-core-2.34.jar:/Users/albert/.m2/repository/org/glassfish/jersey/inject/jersey-hk2/2.34/jersey-hk2-2.34.jar:/Users/albert/.m2/repository/org/glassfish/hk2/hk2-locator/2.6.1/hk2-locator-2.6.1.jar:/Users/albert/.m2/repository/org/glassfish/hk2/external/aopalliance-repackaged/2.6.1/aopalliance-repackaged-2.6.1.jar:/Users/albert/.m2/repository/org/glassfish/hk2/hk2-api/2.6.1/hk2-api-2.6.1.jar:/Users/albert/.m2/repository/org/glassfish/hk2/hk2-utils/2.6.1/hk2-utils-2.6.1.jar:/Users/albert/.m2/repository/org/javassist/javassist/3.25.0-GA/javassist-3.25.0-GA.jar:/Users/albert/.m2/repository/io/netty/netty-all/4.1.68.Final/netty-all-4.1.68.Final.jar:/Users/albert/.m2/repository/com/clearspring/analytics/stream/2.9.6/stream-2.9.6.jar:/Users/albert/.m2/repository/io/dropwizard/metrics/metrics-jvm/4.2.0/metrics-jvm-4.2.0.jar:/Users/albert/.m2/repository/io/dropwizard/metrics/metrics-json/4.2.0/metrics-json-4.2.0.jar:/Users/albert/.m2/repository/io/dropwizard/metrics/metrics-graphite/4.2.0/metrics-graphite-4.2.0.jar:/Users/albert/.m2/repository/io/dropwizard/metrics/metrics-jmx/4.2.0/metrics-jmx-4.2.0.jar:/Users/albert/.m2/repository/com/fasterxml/jackson/module/jackson-module-scala_2.12/2.12.3/jackson-module-scala_2.12-2.12.3.jar:/Users/albert/.m2/repository/org/apache/ivy/ivy/2.5.0/ivy-2.5.0.jar:/Users/albert/.m2/repository/oro/oro/2.0.8/oro-2.0.8.jar:/Users/albert/.m2/repository/net/razorvine/pyrolite/4.30/pyrolite-4.30.jar:/Users/albert/.m2/repository/net/sf/py4j/py4j/0.10.9.5/py4j-0.10.9.5.jar:/Users/albert/.m2/repository/org/apache/commons/commons-crypto/1.1.0/commons-crypto-1.1.0.jar:/Users/albert/.m2/repository/org/apache/spark/spark-catalyst_2.12/3.2.2/spark-catalyst_2.12-3.2.2.jar:/Users/albert/.m2/repository/org/scala-lang/modules/scala-parser-combinators_2.12/1.1.2/scala-parser-combinators_2.12-1.1.2.jar:/Users/albert/.m2/repository/org/codehaus/janino/janino/3.0.16/janino-3.0.16.jar:/Users/albert/.m2/repository/org/codehaus/janino/commons-compiler/3.0.16/commons-compiler-3.0.16.jar:/Users/albert/.m2/repository/org/antlr/antlr4-runtime/4.8/antlr4-runtime-4.8.jar:/Users/albert/.m2/repository/javax/xml/bind/jaxb-api/2.2.11/jaxb-api-2.2.11.jar:/Users/albert/.m2/repository/org/apache/arrow/arrow-vector/2.0.0/arrow-vector-2.0.0.jar:/Users/albert/.m2/repository/org/apache/arrow/arrow-format/2.0.0/arrow-format-2.0.0.jar:/Users/albert/.m2/repository/org/apache/arrow/arrow-memory-core/2.0.0/arrow-memory-core-2.0.0.jar:/Users/albert/.m2/repository/com/google/flatbuffers/flatbuffers-java/1.9.0/flatbuffers-java-1.9.0.jar:/Users/albert/.m2/repository/org/apache/arrow/arrow-memory-netty/2.0.0/arrow-memory-netty-2.0.0.jar:/Users/albert/.m2/repository/org/apache/spark/spark-tags_2.12/3.2.2/spark-tags_2.12-3.2.2.jar:/Users/albert/.m2/repository/org/apache/orc/orc-core/1.6.14/orc-core-1.6.14.jar:/Users/albert/.m2/repository/org/apache/orc/orc-shims/1.6.14/orc-shims-1.6.14.jar:/Users/albert/.m2/repository/com/google/protobuf/protobuf-java/2.5.0/protobuf-java-2.5.0.jar:/Users/albert/.m2/repository/io/airlift/aircompressor/0.21/aircompressor-0.21.jar:/Users/albert/.m2/repository/org/jetbrains/annotations/17.0.0/annotations-17.0.0.jar:/Users/albert/.m2/repository/org/threeten/threeten-extra/1.5.0/threeten-extra-1.5.0.jar:/Users/albert/.m2/repository/org/apache/orc/orc-mapreduce/1.6.14/orc-mapreduce-1.6.14.jar:/Users/albert/.m2/repository/org/apache/hive/hive-storage-api/2.7.2/hive-storage-api-2.7.2.jar:/Users/albert/.m2/repository/org/apache/parquet/parquet-column/1.12.2/parquet-column-1.12.2.jar:/Users/albert/.m2/repository/org/apache/parquet/parquet-common/1.12.2/parquet-common-1.12.2.jar:/Users/albert/.m2/repository/org/apache/parquet/parquet-encoding/1.12.2/parquet-encoding-1.12.2.jar:/Users/albert/.m2/repository/org/apache/parquet/parquet-hadoop/1.12.2/parquet-hadoop-1.12.2.jar:/Users/albert/.m2/repository/org/apache/parquet/parquet-format-structures/1.12.2/parquet-format-structures-1.12.2.jar:/Users/albert/.m2/repository/org/apache/parquet/parquet-jackson/1.12.2/parquet-jackson-1.12.2.jar:/Users/albert/.m2/repository/com/fasterxml/jackson/core/jackson-databind/2.12.3/jackson-databind-2.12.3.jar:/Users/albert/.m2/repository/org/apache/xbean/xbean-asm9-shaded/4.20/xbean-asm9-shaded-4.20.jar:/Users/albert/.m2/repository/org/spark-project/spark/unused/1.0.0/unused-1.0.0.jar:/Users/albert/.m2/repository/org/junit/jupiter/junit-jupiter-api/5.6.0/junit-jupiter-api-5.6.0.jar:/Users/albert/.m2/repository/org/apiguardian/apiguardian-api/1.1.0/apiguardian-api-1.1.0.jar:/Users/albert/.m2/repository/org/opentest4j/opentest4j/1.2.0/opentest4j-1.2.0.jar:/Users/albert/.m2/repository/org/junit/platform/junit-platform-commons/1.6.0/junit-platform-commons-1.6.0.jar:/Users/albert/.m2/repository/org/junit/jupiter/junit-jupiter-engine/5.6.0/junit-jupiter-engine-5.6.0.jar:/Users/albert/.m2/repository/org/junit/platform/junit-platform-engine/1.6.0/junit-platform-engine-1.6.0.jar:"/>
    <property name="sun.cpu.endian" value="little"/>
    <property name="user.home" value="/Users/albert"/>
    <property name="user.language" value="en"/>
    <property name="java.specification.vendor" value="Oracle Corporation"/>
    <property name="java.home" value="/Library/Java/JavaVirtualMachines/temurin-8.jdk/Contents/Home/jre"/>
    <property name="basedir" value="/Users/albert/sandbox/OnehouseCustomTransformations/demo"/>
    <property name="file.separator" value="/"/>
    <property name="line.separator" value="&#10;"/>
    <property name="java.vm.specification.vendor" value="Oracle Corporation"/>
    <property name="java.specification.name" value="Java Platform API Specification"/>
    <property name="java.awt.graphicsenv" value="sun.awt.CGraphicsEnvironment"/>
    <property name="surefire.real.class.path" value="/Users/albert/sandbox/OnehouseCustomTransformations/demo/target/surefire/surefirebooter6921528408622515943.jar"/>
    <property name="sun.boot.class.path" value="/Library/Java/JavaVirtualMachines/temurin-8.jdk/Contents/Home/jre/lib/resources.jar:/Library/Java/JavaVirtualMachines/temurin-8.jdk/Contents/Home/jre/lib/rt.jar:/Library/Java/JavaVirtualMachines/temurin-8.jdk/Contents/Home/jre/lib/sunrsasign.jar:/Library/Java/JavaVirtualMachines/temurin-8.jdk/Contents/Home/jre/lib/jsse.jar:/Library/Java/JavaVirtualMachines/temurin-8.jdk/Contents/Home/jre/lib/jce.jar:/Library/Java/JavaVirtualMachines/temurin-8.jdk/Contents/Home/jre/lib/charsets.jar:/Library/Java/JavaVirtualMachines/temurin-8.jdk/Contents/Home/jre/lib/jfr.jar:/Library/Java/JavaVirtualMachines/temurin-8.jdk/Contents/Home/jre/classes"/>
    <property name="sun.management.compiler" value="HotSpot 64-Bit Tiered Compilers"/>
    <property name="ftp.nonProxyHosts" value="local|*.local|169.254/16|*.169.254/16"/>
    <property name="java.runtime.version" value="1.8.0_412-b08"/>
    <property name="user.name" value="albert"/>
    <property name="path.separator" value=":"/>
    <property name="os.version" value="14.5"/>
    <property name="java.endorsed.dirs" value="/Library/Java/JavaVirtualMachines/temurin-8.jdk/Contents/Home/jre/lib/endorsed"/>
    <property name="java.runtime.name" value="OpenJDK Runtime Environment"/>
    <property name="file.encoding" value="UTF-8"/>
    <property name="java.vm.name" value="OpenJDK 64-Bit Server VM"/>
    <property name="localRepository" value="/Users/albert/.m2/repository"/>
    <property name="java.vendor.url.bug" value="https://github.com/adoptium/adoptium-support/issues"/>
    <property name="java.io.tmpdir" value="/var/folders/j0/19wqx8zd2wg_k_7v34v_jy8m0000gn/T/"/>
    <property name="java.version" value="1.8.0_412"/>
    <property name="user.dir" value="/Users/albert/sandbox/OnehouseCustomTransformations/demo"/>
    <property name="os.arch" value="x86_64"/>
    <property name="java.vm.specification.name" value="Java Virtual Machine Specification"/>
    <property name="java.awt.printerjob" value="sun.lwawt.macosx.CPrinterJob"/>
    <property name="sun.os.patch.level" value="unknown"/>
    <property name="java.library.path" value="/Users/albert/Library/Java/Extensions:/Library/Java/Extensions:/Network/Library/Java/Extensions:/System/Library/Java/Extensions:/usr/lib/java:."/>
    <property name="java.vm.info" value="mixed mode"/>
    <property name="java.vendor" value="Temurin"/>
    <property name="java.vm.version" value="25.412-b08"/>
    <property name="java.specification.maintenance.version" value="5"/>
    <property name="java.ext.dirs" value="/Users/albert/Library/Java/Extensions:/Library/Java/JavaVirtualMachines/temurin-8.jdk/Contents/Home/jre/lib/ext:/Library/Java/Extensions:/Network/Library/Java/Extensions:/System/Library/Java/Extensions:/usr/lib/java"/>
    <property name="sun.io.unicode.encoding" value="UnicodeBig"/>
    <property name="java.class.version" value="52.0"/>
    <property name="socksNonProxyHosts" value="local|*.local|169.254/16|*.169.254/16"/>
  </properties>
  <testcase name="testApp" classname="com.acme.AppTest" time="0.038"/>
</testsuite>